<?xml version="1.0" encoding="UTF-8"?>
<!-- Generated by org.testng.reporters.JUnitReportReporter -->
<testsuite ignored="0" hostname="Latitude-E6320" failures="0" tests="1" name="org.testing.testScripts.TC5_Delete_restapiexample" time="0.502" errors="0" timestamp="04 Jun 2024 02:14:12 GMT" skipped="0">
  <testcase classname="org.testing.testScripts.TC5_Delete_restapiexample" name="tc5" time="0.502"/>
</testsuite> <!-- org.testing.testScripts.TC5_Delete_restapiexample -->
