<?xml version="1.0" encoding="UTF-8"?>
<!-- Generated by org.testng.reporters.JUnitReportReporter -->
<testsuite ignored="0" hostname="Latitude-E6320" failures="0" tests="1" name="org.testing.testScripts.TC1_PostRequest_randomNum" time="3.455" errors="0" timestamp="12 Jun 2024 22:46:33 GMT" skipped="0">
  <testcase classname="org.testing.testScripts.TC1_PostRequest_randomNum" name="testCase1" time="3.455"/>
</testsuite> <!-- org.testing.testScripts.TC1_PostRequest_randomNum -->
