<?xml version="1.0" encoding="UTF-8"?>
<!-- Generated by org.testng.reporters.JUnitReportReporter -->
<testsuite ignored="0" hostname="Latitude-E6320" failures="0" tests="1" name="org.testing.testScripts.TC2_GetAll_restapiexample" time="2.944" errors="0" timestamp="04 Jun 2024 02:16:49 GMT" skipped="0">
  <testcase classname="org.testing.testScripts.TC2_GetAll_restapiexample" name="tc2" time="2.944"/>
</testsuite> <!-- org.testing.testScripts.TC2_GetAll_restapiexample -->
