<?xml version="1.0" encoding="UTF-8"?>
<!-- Generated by org.testng.reporters.JUnitReportReporter -->
<testsuite ignored="0" hostname="Latitude-E6320" failures="0" tests="1" name="org.testing.testScripts.TC1_Post_restapiexample" time="3.433" errors="0" timestamp="04 Jun 2024 02:14:12 GMT" skipped="0">
  <testcase classname="org.testing.testScripts.TC1_Post_restapiexample" name="tc1" time="3.433"/>
</testsuite> <!-- org.testing.testScripts.TC1_Post_restapiexample -->
