<?xml version="1.0" encoding="UTF-8"?>
<!-- Generated by org.testng.reporters.JUnitReportReporter -->
<testsuite ignored="0" hostname="Latitude-E6320" failures="0" tests="1" name="org.testing.testScripts.TC3_GetParticular_restapiexample" time="0.589" errors="0" timestamp="04 Jun 2024 02:14:12 GMT" skipped="0">
  <testcase classname="org.testing.testScripts.TC3_GetParticular_restapiexample" name="tc3" time="0.589"/>
</testsuite> <!-- org.testing.testScripts.TC3_GetParticular_restapiexample -->
