<?xml version="1.0" encoding="UTF-8"?>
<!-- Generated by org.testng.reporters.JUnitReportReporter -->
<testsuite ignored="0" hostname="Latitude-E6320" failures="0" tests="1" name="org.testing.testScripts.TC4_PutRequest_randomNum" time="0.044" errors="0" timestamp="04 Jun 2024 01:00:46 GMT" skipped="0">
  <testcase classname="org.testing.testScripts.TC4_PutRequest_randomNum" name="testCase4" time="0.044"/>
</testsuite> <!-- org.testing.testScripts.TC4_PutRequest_randomNum -->
