<?xml version="1.0" encoding="UTF-8"?>
<!-- Generated by org.testng.reporters.JUnitReportReporter -->
<testsuite ignored="0" hostname="Latitude-E6320" failures="0" tests="1" name="org.testing.testScripts.TC5_DeleteRequest" time="0.047" errors="0" timestamp="04 Jun 2024 00:37:31 GMT" skipped="0">
  <testcase classname="org.testing.testScripts.TC5_DeleteRequest" name="testCase5" time="0.047"/>
</testsuite> <!-- org.testing.testScripts.TC5_DeleteRequest -->
