<?xml version="1.0" encoding="UTF-8"?>
<!-- Generated by org.testng.reporters.JUnitReportReporter -->
<testsuite ignored="0" hostname="Latitude-E6320" failures="0" tests="1" name="org.testing.testScripts.TC4_Put_restapiexample" time="3.243" errors="0" timestamp="05 Jun 2024 01:26:15 GMT" skipped="0">
  <testcase classname="org.testing.testScripts.TC4_Put_restapiexample" name="tc4" time="3.243"/>
</testsuite> <!-- org.testing.testScripts.TC4_Put_restapiexample -->
