<?xml version="1.0" encoding="UTF-8"?>
<!-- Generated by org.testng.reporters.JUnitReportReporter -->
<testsuite ignored="0" hostname="Latitude-E6320" failures="0" tests="1" name="org.testing.testScripts.TC1_PostRequest_randomNum" time="2.835" errors="0" timestamp="21 Jun 2024 00:15:12 GMT" skipped="0">
  <testcase classname="org.testing.testScripts.TC1_PostRequest_randomNum" name="testCase1" time="2.835"/>
</testsuite> <!-- org.testing.testScripts.TC1_PostRequest_randomNum -->
