<?xml version="1.0" encoding="UTF-8"?>
<!-- Generated by org.testng.reporters.JUnitReportReporter -->
<testsuite ignored="0" hostname="Latitude-E6320" failures="0" tests="1" name="org.testing.testScripts.TC3_GetParticular_randomNum" time="0.145" errors="0" timestamp="12 Jun 2024 22:46:33 GMT" skipped="0">
  <testcase classname="org.testing.testScripts.TC3_GetParticular_randomNum" name="testCase3" time="0.145"/>
</testsuite> <!-- org.testing.testScripts.TC3_GetParticular_randomNum -->
